<?xml version="1.0" encoding="UTF-8"?>
<testng-results skipped="0" failed="0" ignored="0" total="1" passed="1">
  <reporter-output>
  </reporter-output>
  <suite name="Default suite" duration-ms="49556" started-at="2019-04-25T21:14:32Z" finished-at="2019-04-25T21:15:22Z">
    <groups>
    </groups>
    <test name="Default test" duration-ms="49556" started-at="2019-04-25T21:14:32Z" finished-at="2019-04-25T21:15:22Z">
      <class name="JB2019AmazonProject.JB2019AmazonProject.tests.SitePreferencesOnAmazon">
        <test-method status="PASS" signature="beforeTest()[pri:0, instance:JB2019AmazonProject.JB2019AmazonProject.tests.SitePreferencesOnAmazon@6fd02e5]" name="beforeTest" is-config="true" duration-ms="7169" started-at="2019-04-25T21:14:33Z" finished-at="2019-04-25T21:14:40Z">
          <reporter-output>
          </reporter-output>
        </test-method> <!-- beforeTest -->
        <test-method status="PASS" signature="_011_SitePreferencesOnAmazon()[pri:0, instance:JB2019AmazonProject.JB2019AmazonProject.tests.SitePreferencesOnAmazon@6fd02e5]" name="_011_SitePreferencesOnAmazon" duration-ms="41267" started-at="2019-04-25T21:14:40Z" finished-at="2019-04-25T21:15:21Z">
          <reporter-output>
          </reporter-output>
        </test-method> <!-- _011_SitePreferencesOnAmazon -->
        <test-method status="PASS" signature="afterTest()[pri:0, instance:JB2019AmazonProject.JB2019AmazonProject.tests.SitePreferencesOnAmazon@6fd02e5]" name="afterTest" is-config="true" duration-ms="762" started-at="2019-04-25T21:15:21Z" finished-at="2019-04-25T21:15:22Z">
          <reporter-output>
          </reporter-output>
        </test-method> <!-- afterTest -->
      </class> <!-- JB2019AmazonProject.JB2019AmazonProject.tests.SitePreferencesOnAmazon -->
    </test> <!-- Default test -->
  </suite> <!-- Default suite -->
</testng-results>
